2025-04-10 20:58:31,084 - INFO - ODA File Converter found at: /usr/bin/ODAFileConverter
2025-04-10 20:58:31,084 - INFO - Found 5 DWG files to process
2025-04-10 20:58:31,084 - INFO - Input absolute path: /home/jay/AGSeg_ws/AGSeg/cad2osm/data/data_dwg/SIST-F5.dwg
2025-04-10 20:58:31,084 - INFO - Output absolute path: /home/jay/AGSeg_ws/AGSeg/cad2osm/data/data_dxf/original/SIST-F5.dxf
2025-04-10 20:58:34,346 - INFO - 成功转换 /home/jay/AGSeg_ws/AGSeg/cad2osm/data/data_dwg/SIST-F5.dwg，用时 3.26 秒
2025-04-10 20:58:34,346 - INFO - Progress: 20.0% (1/5)
2025-04-10 20:58:34,346 - INFO - Input absolute path: /home/jay/AGSeg_ws/AGSeg/cad2osm/data/data_dwg/SIST-F4.dwg
2025-04-10 20:58:34,346 - INFO - Output absolute path: /home/jay/AGSeg_ws/AGSeg/cad2osm/data/data_dxf/original/SIST-F4.dxf
2025-04-10 20:58:35,442 - INFO - 成功转换 /home/jay/AGSeg_ws/AGSeg/cad2osm/data/data_dwg/SIST-F4.dwg，用时 1.10 秒
2025-04-10 20:58:35,442 - INFO - Progress: 40.0% (2/5)
2025-04-10 20:58:35,442 - INFO - Input absolute path: /home/jay/AGSeg_ws/AGSeg/cad2osm/data/data_dwg/SIST-F1.dwg
2025-04-10 20:58:35,443 - INFO - Output absolute path: /home/jay/AGSeg_ws/AGSeg/cad2osm/data/data_dxf/original/SIST-F1.dxf
2025-04-10 20:58:36,732 - INFO - 成功转换 /home/jay/AGSeg_ws/AGSeg/cad2osm/data/data_dwg/SIST-F1.dwg，用时 1.29 秒
2025-04-10 20:58:36,732 - INFO - Progress: 60.0% (3/5)
2025-04-10 20:58:36,732 - INFO - Input absolute path: /home/jay/AGSeg_ws/AGSeg/cad2osm/data/data_dwg/SIST-F3.dwg
2025-04-10 20:58:36,732 - INFO - Output absolute path: /home/jay/AGSeg_ws/AGSeg/cad2osm/data/data_dxf/original/SIST-F3.dxf
2025-04-10 20:58:38,036 - INFO - 成功转换 /home/jay/AGSeg_ws/AGSeg/cad2osm/data/data_dwg/SIST-F3.dwg，用时 1.30 秒
2025-04-10 20:58:38,036 - INFO - Progress: 80.0% (4/5)
2025-04-10 20:58:38,037 - INFO - Input absolute path: /home/jay/AGSeg_ws/AGSeg/cad2osm/data/data_dwg/SIST-F2.dwg
2025-04-10 20:58:38,037 - INFO - Output absolute path: /home/jay/AGSeg_ws/AGSeg/cad2osm/data/data_dxf/original/SIST-F2.dxf
2025-04-10 20:58:40,552 - INFO - 成功转换 /home/jay/AGSeg_ws/AGSeg/cad2osm/data/data_dwg/SIST-F2.dwg，用时 2.52 秒
2025-04-10 20:58:40,552 - INFO - Progress: 100.0% (5/5)
2025-04-10 20:58:40,552 - INFO - 
Conversion Summary:
2025-04-10 20:58:40,552 - INFO - Successfully converted: 5
2025-04-10 20:58:40,552 - INFO - Failed conversions: 0
2025-04-10 20:58:40,552 - INFO - Total files processed: 5
