2025-04-11 13:35:34,575 - INFO - ODA File Converter found at: /usr/bin/ODAFileConverter
2025-04-11 13:35:34,576 - INFO - Found 32 DWG files to process
2025-04-11 13:35:34,576 - INFO - Input absolute path: /home/jay/AGSeg_ws/AGSeg/cad2osm/data/data_dwg/us-standard-download/hellin1.dwg
2025-04-11 13:35:34,576 - INFO - Output absolute path: /home/jay/AGSeg_ws/AGSeg/cad2osm/data/data_dxf/us-standard-download/hellin1.dxf
2025-04-11 13:35:35,454 - INFO - 成功转换 /home/jay/AGSeg_ws/AGSeg/cad2osm/data/data_dwg/us-standard-download/hellin1.dwg，用时 0.88 秒
2025-04-11 13:35:35,454 - INFO - Progress: 3.1% (1/32)
2025-04-11 13:35:35,454 - INFO - Input absolute path: /home/jay/AGSeg_ws/AGSeg/cad2osm/data/data_dwg/us-standard-download/Aule-scolastiche-pianta-2.dwg
2025-04-11 13:35:35,454 - INFO - Output absolute path: /home/jay/AGSeg_ws/AGSeg/cad2osm/data/data_dxf/us-standard-download/Aule-scolastiche-pianta-2.dxf
2025-04-11 13:35:36,082 - INFO - 成功转换 /home/jay/AGSeg_ws/AGSeg/cad2osm/data/data_dwg/us-standard-download/Aule-scolastiche-pianta-2.dwg，用时 0.63 秒
2025-04-11 13:35:36,083 - INFO - Progress: 6.2% (2/32)
2025-04-11 13:35:36,083 - INFO - Input absolute path: /home/jay/AGSeg_ws/AGSeg/cad2osm/data/data_dwg/us-standard-download/1ER. PISO - HOLANDA - ITALIA.dwg
2025-04-11 13:35:36,083 - INFO - Output absolute path: /home/jay/AGSeg_ws/AGSeg/cad2osm/data/data_dxf/us-standard-download/1ER. PISO - HOLANDA - ITALIA.dxf
2025-04-11 13:35:37,137 - INFO - 成功转换 /home/jay/AGSeg_ws/AGSeg/cad2osm/data/data_dwg/us-standard-download/1ER. PISO - HOLANDA - ITALIA.dwg，用时 1.05 秒
2025-04-11 13:35:37,137 - INFO - Progress: 9.4% (3/32)
2025-04-11 13:35:37,137 - INFO - Input absolute path: /home/jay/AGSeg_ws/AGSeg/cad2osm/data/data_dwg/us-standard-download/modular_housing.dwg
2025-04-11 13:35:37,137 - INFO - Output absolute path: /home/jay/AGSeg_ws/AGSeg/cad2osm/data/data_dxf/us-standard-download/modular_housing.dxf
2025-04-11 13:35:37,803 - INFO - 成功转换 /home/jay/AGSeg_ws/AGSeg/cad2osm/data/data_dwg/us-standard-download/modular_housing.dwg，用时 0.67 秒
2025-04-11 13:35:37,803 - INFO - Progress: 12.5% (4/32)
2025-04-11 13:35:37,803 - INFO - Input absolute path: /home/jay/AGSeg_ws/AGSeg/cad2osm/data/data_dwg/us-standard-download/schema-ufficio-2.dwg
2025-04-11 13:35:37,803 - INFO - Output absolute path: /home/jay/AGSeg_ws/AGSeg/cad2osm/data/data_dxf/us-standard-download/schema-ufficio-2.dxf
2025-04-11 13:35:38,381 - INFO - 成功转换 /home/jay/AGSeg_ws/AGSeg/cad2osm/data/data_dwg/us-standard-download/schema-ufficio-2.dwg，用时 0.58 秒
2025-04-11 13:35:38,381 - INFO - Progress: 15.6% (5/32)
2025-04-11 13:35:38,381 - INFO - Input absolute path: /home/jay/AGSeg_ws/AGSeg/cad2osm/data/data_dwg/us-standard-download/schema-ufficio-15.dwg
2025-04-11 13:35:38,381 - INFO - Output absolute path: /home/jay/AGSeg_ws/AGSeg/cad2osm/data/data_dxf/us-standard-download/schema-ufficio-15.dxf
2025-04-11 13:35:39,008 - INFO - 成功转换 /home/jay/AGSeg_ws/AGSeg/cad2osm/data/data_dwg/us-standard-download/schema-ufficio-15.dwg，用时 0.63 秒
2025-04-11 13:35:39,008 - INFO - Progress: 18.8% (6/32)
2025-04-11 13:35:39,008 - INFO - Input absolute path: /home/jay/AGSeg_ws/AGSeg/cad2osm/data/data_dwg/us-standard-download/schema-ufficio-16.dwg
2025-04-11 13:35:39,008 - INFO - Output absolute path: /home/jay/AGSeg_ws/AGSeg/cad2osm/data/data_dxf/us-standard-download/schema-ufficio-16.dxf
2025-04-11 13:35:39,638 - INFO - 成功转换 /home/jay/AGSeg_ws/AGSeg/cad2osm/data/data_dwg/us-standard-download/schema-ufficio-16.dwg，用时 0.63 秒
2025-04-11 13:35:39,638 - INFO - Progress: 21.9% (7/32)
2025-04-11 13:35:39,638 - INFO - Input absolute path: /home/jay/AGSeg_ws/AGSeg/cad2osm/data/data_dwg/us-standard-download/Universita-pianta-02.dwg
2025-04-11 13:35:39,638 - INFO - Output absolute path: /home/jay/AGSeg_ws/AGSeg/cad2osm/data/data_dxf/us-standard-download/Universita-pianta-02.dxf
2025-04-11 13:35:40,261 - INFO - 成功转换 /home/jay/AGSeg_ws/AGSeg/cad2osm/data/data_dwg/us-standard-download/Universita-pianta-02.dwg，用时 0.62 秒
2025-04-11 13:35:40,261 - INFO - Progress: 25.0% (8/32)
2025-04-11 13:35:40,262 - INFO - Input absolute path: /home/jay/AGSeg_ws/AGSeg/cad2osm/data/data_dwg/us-standard-download/Aule-scolastiche-pianta-1.dwg
2025-04-11 13:35:40,262 - INFO - Output absolute path: /home/jay/AGSeg_ws/AGSeg/cad2osm/data/data_dxf/us-standard-download/Aule-scolastiche-pianta-1.dxf
2025-04-11 13:35:40,867 - INFO - 成功转换 /home/jay/AGSeg_ws/AGSeg/cad2osm/data/data_dwg/us-standard-download/Aule-scolastiche-pianta-1.dwg，用时 0.61 秒
2025-04-11 13:35:40,867 - INFO - Progress: 28.1% (9/32)
2025-04-11 13:35:40,868 - INFO - Input absolute path: /home/jay/AGSeg_ws/AGSeg/cad2osm/data/data_dwg/us-standard-download/schema-ufficio-16 (copy).dwg
2025-04-11 13:35:40,868 - INFO - Output absolute path: /home/jay/AGSeg_ws/AGSeg/cad2osm/data/data_dxf/us-standard-download/schema-ufficio-16 (copy).dxf
2025-04-11 13:35:41,505 - INFO - 成功转换 /home/jay/AGSeg_ws/AGSeg/cad2osm/data/data_dwg/us-standard-download/schema-ufficio-16 (copy).dwg，用时 0.64 秒
2025-04-11 13:35:41,505 - INFO - Progress: 31.2% (10/32)
2025-04-11 13:35:41,505 - INFO - Input absolute path: /home/jay/AGSeg_ws/AGSeg/cad2osm/data/data_dwg/us-standard-download/Aule-scolastiche-pianta-3.dwg
2025-04-11 13:35:41,505 - INFO - Output absolute path: /home/jay/AGSeg_ws/AGSeg/cad2osm/data/data_dxf/us-standard-download/Aule-scolastiche-pianta-3.dxf
2025-04-11 13:35:42,128 - INFO - 成功转换 /home/jay/AGSeg_ws/AGSeg/cad2osm/data/data_dwg/us-standard-download/Aule-scolastiche-pianta-3.dwg，用时 0.62 秒
2025-04-11 13:35:42,128 - INFO - Progress: 34.4% (11/32)
2025-04-11 13:35:42,128 - INFO - Input absolute path: /home/jay/AGSeg_ws/AGSeg/cad2osm/data/data_dwg/us-standard-download/apartment-building-plan.dwg
2025-04-11 13:35:42,128 - INFO - Output absolute path: /home/jay/AGSeg_ws/AGSeg/cad2osm/data/data_dxf/us-standard-download/apartment-building-plan.dxf
2025-04-11 13:35:42,749 - INFO - 成功转换 /home/jay/AGSeg_ws/AGSeg/cad2osm/data/data_dwg/us-standard-download/apartment-building-plan.dwg，用时 0.62 秒
2025-04-11 13:35:42,749 - INFO - Progress: 37.5% (12/32)
2025-04-11 13:35:42,749 - INFO - Input absolute path: /home/jay/AGSeg_ws/AGSeg/cad2osm/data/data_dwg/us-standard-download/gym-scheme-1.dwg
2025-04-11 13:35:42,749 - INFO - Output absolute path: /home/jay/AGSeg_ws/AGSeg/cad2osm/data/data_dxf/us-standard-download/gym-scheme-1.dxf
2025-04-11 13:35:43,777 - INFO - 成功转换 /home/jay/AGSeg_ws/AGSeg/cad2osm/data/data_dwg/us-standard-download/gym-scheme-1.dwg，用时 1.03 秒
2025-04-11 13:35:43,777 - INFO - Progress: 40.6% (13/32)
2025-04-11 13:35:43,777 - INFO - Input absolute path: /home/jay/AGSeg_ws/AGSeg/cad2osm/data/data_dwg/us-standard-download/CASONA DE YANAHUARA.dwg
2025-04-11 13:35:43,777 - INFO - Output absolute path: /home/jay/AGSeg_ws/AGSeg/cad2osm/data/data_dxf/us-standard-download/CASONA DE YANAHUARA.dxf
2025-04-11 13:35:44,378 - INFO - 成功转换 /home/jay/AGSeg_ws/AGSeg/cad2osm/data/data_dwg/us-standard-download/CASONA DE YANAHUARA.dwg，用时 0.60 秒
2025-04-11 13:35:44,378 - INFO - Progress: 43.8% (14/32)
2025-04-11 13:35:44,378 - INFO - Input absolute path: /home/jay/AGSeg_ws/AGSeg/cad2osm/data/data_dwg/us-standard-download/hotel-ground-floor-plan.dwg
2025-04-11 13:35:44,378 - INFO - Output absolute path: /home/jay/AGSeg_ws/AGSeg/cad2osm/data/data_dxf/us-standard-download/hotel-ground-floor-plan.dxf
2025-04-11 13:35:47,425 - INFO - 成功转换 /home/jay/AGSeg_ws/AGSeg/cad2osm/data/data_dwg/us-standard-download/hotel-ground-floor-plan.dwg，用时 3.05 秒
2025-04-11 13:35:47,425 - INFO - Progress: 46.9% (15/32)
2025-04-11 13:35:47,425 - INFO - Input absolute path: /home/jay/AGSeg_ws/AGSeg/cad2osm/data/data_dwg/us-standard-download/fish_processing_plant.dwg
2025-04-11 13:35:47,426 - INFO - Output absolute path: /home/jay/AGSeg_ws/AGSeg/cad2osm/data/data_dxf/us-standard-download/fish_processing_plant.dxf
2025-04-11 13:35:52,698 - INFO - 成功转换 /home/jay/AGSeg_ws/AGSeg/cad2osm/data/data_dwg/us-standard-download/fish_processing_plant.dwg，用时 5.27 秒
2025-04-11 13:35:52,699 - INFO - Progress: 50.0% (16/32)
2025-04-11 13:35:52,699 - INFO - Input absolute path: /home/jay/AGSeg_ws/AGSeg/cad2osm/data/data_dwg/us-standard-download/schema-ufficio-8.dwg
2025-04-11 13:35:52,699 - INFO - Output absolute path: /home/jay/AGSeg_ws/AGSeg/cad2osm/data/data_dxf/us-standard-download/schema-ufficio-8.dxf
2025-04-11 13:35:53,404 - INFO - 成功转换 /home/jay/AGSeg_ws/AGSeg/cad2osm/data/data_dwg/us-standard-download/schema-ufficio-8.dwg，用时 0.71 秒
2025-04-11 13:35:53,404 - INFO - Progress: 53.1% (17/32)
2025-04-11 13:35:53,404 - INFO - Input absolute path: /home/jay/AGSeg_ws/AGSeg/cad2osm/data/data_dwg/us-standard-download/Aule-scolastiche-pianta-4.dwg
2025-04-11 13:35:53,404 - INFO - Output absolute path: /home/jay/AGSeg_ws/AGSeg/cad2osm/data/data_dxf/us-standard-download/Aule-scolastiche-pianta-4.dxf
2025-04-11 13:35:53,966 - INFO - 成功转换 /home/jay/AGSeg_ws/AGSeg/cad2osm/data/data_dwg/us-standard-download/Aule-scolastiche-pianta-4.dwg，用时 0.56 秒
2025-04-11 13:35:53,966 - INFO - Progress: 56.2% (18/32)
2025-04-11 13:35:53,967 - INFO - Input absolute path: /home/jay/AGSeg_ws/AGSeg/cad2osm/data/data_dwg/us-standard-download/apartment_1.dwg
2025-04-11 13:35:53,967 - INFO - Output absolute path: /home/jay/AGSeg_ws/AGSeg/cad2osm/data/data_dxf/us-standard-download/apartment_1.dxf
2025-04-11 13:35:54,892 - INFO - 成功转换 /home/jay/AGSeg_ws/AGSeg/cad2osm/data/data_dwg/us-standard-download/apartment_1.dwg，用时 0.93 秒
2025-04-11 13:35:54,892 - INFO - Progress: 59.4% (19/32)
2025-04-11 13:35:54,893 - INFO - Input absolute path: /home/jay/AGSeg_ws/AGSeg/cad2osm/data/data_dwg/us-standard-download/Scuola-pianta-03.dwg
2025-04-11 13:35:54,893 - INFO - Output absolute path: /home/jay/AGSeg_ws/AGSeg/cad2osm/data/data_dxf/us-standard-download/Scuola-pianta-03.dxf
2025-04-11 13:35:55,461 - INFO - 成功转换 /home/jay/AGSeg_ws/AGSeg/cad2osm/data/data_dwg/us-standard-download/Scuola-pianta-03.dwg，用时 0.57 秒
2025-04-11 13:35:55,461 - INFO - Progress: 62.5% (20/32)
2025-04-11 13:35:55,462 - INFO - Input absolute path: /home/jay/AGSeg_ws/AGSeg/cad2osm/data/data_dwg/us-standard-download/Universita-uffici-sala-conferenze.dwg
2025-04-11 13:35:55,462 - INFO - Output absolute path: /home/jay/AGSeg_ws/AGSeg/cad2osm/data/data_dxf/us-standard-download/Universita-uffici-sala-conferenze.dxf
2025-04-11 13:35:56,167 - INFO - 成功转换 /home/jay/AGSeg_ws/AGSeg/cad2osm/data/data_dwg/us-standard-download/Universita-uffici-sala-conferenze.dwg，用时 0.70 秒
2025-04-11 13:35:56,167 - INFO - Progress: 65.6% (21/32)
2025-04-11 13:35:56,167 - INFO - Input absolute path: /home/jay/AGSeg_ws/AGSeg/cad2osm/data/data_dwg/us-standard-download/office.dwg
2025-04-11 13:35:56,167 - INFO - Output absolute path: /home/jay/AGSeg_ws/AGSeg/cad2osm/data/data_dxf/us-standard-download/office.dxf
2025-04-11 13:35:56,954 - INFO - 成功转换 /home/jay/AGSeg_ws/AGSeg/cad2osm/data/data_dwg/us-standard-download/office.dwg，用时 0.79 秒
2025-04-11 13:35:56,954 - INFO - Progress: 68.8% (22/32)
2025-04-11 13:35:56,954 - INFO - Input absolute path: /home/jay/AGSeg_ws/AGSeg/cad2osm/data/data_dwg/us-standard-download/schema-ufficio-1.dwg
2025-04-11 13:35:56,954 - INFO - Output absolute path: /home/jay/AGSeg_ws/AGSeg/cad2osm/data/data_dxf/us-standard-download/schema-ufficio-1.dxf
2025-04-11 13:35:57,576 - INFO - 成功转换 /home/jay/AGSeg_ws/AGSeg/cad2osm/data/data_dwg/us-standard-download/schema-ufficio-1.dwg，用时 0.62 秒
2025-04-11 13:35:57,576 - INFO - Progress: 71.9% (23/32)
2025-04-11 13:35:57,577 - INFO - Input absolute path: /home/jay/AGSeg_ws/AGSeg/cad2osm/data/data_dwg/us-standard-download/hotel-second-floor.dwg
2025-04-11 13:35:57,577 - INFO - Output absolute path: /home/jay/AGSeg_ws/AGSeg/cad2osm/data/data_dxf/us-standard-download/hotel-second-floor.dxf
2025-04-11 13:35:58,960 - INFO - 成功转换 /home/jay/AGSeg_ws/AGSeg/cad2osm/data/data_dwg/us-standard-download/hotel-second-floor.dwg，用时 1.38 秒
2025-04-11 13:35:58,960 - INFO - Progress: 75.0% (24/32)
2025-04-11 13:35:58,961 - INFO - Input absolute path: /home/jay/AGSeg_ws/AGSeg/cad2osm/data/data_dwg/us-standard-download/monastery.dwg
2025-04-11 13:35:58,961 - INFO - Output absolute path: /home/jay/AGSeg_ws/AGSeg/cad2osm/data/data_dxf/us-standard-download/monastery.dxf
2025-04-11 13:36:00,205 - INFO - 成功转换 /home/jay/AGSeg_ws/AGSeg/cad2osm/data/data_dwg/us-standard-download/monastery.dwg，用时 1.24 秒
2025-04-11 13:36:00,205 - INFO - Progress: 78.1% (25/32)
2025-04-11 13:36:00,205 - INFO - Input absolute path: /home/jay/AGSeg_ws/AGSeg/cad2osm/data/data_dwg/us-standard-download/kindergarten-1.dwg
2025-04-11 13:36:00,205 - INFO - Output absolute path: /home/jay/AGSeg_ws/AGSeg/cad2osm/data/data_dxf/us-standard-download/kindergarten-1.dxf
2025-04-11 13:36:00,976 - INFO - 成功转换 /home/jay/AGSeg_ws/AGSeg/cad2osm/data/data_dwg/us-standard-download/kindergarten-1.dwg，用时 0.77 秒
2025-04-11 13:36:00,976 - INFO - Progress: 81.2% (26/32)
2025-04-11 13:36:00,976 - INFO - Input absolute path: /home/jay/AGSeg_ws/AGSeg/cad2osm/data/data_dwg/us-standard-download/residential_building_1.dwg
2025-04-11 13:36:00,976 - INFO - Output absolute path: /home/jay/AGSeg_ws/AGSeg/cad2osm/data/data_dxf/us-standard-download/residential_building_1.dxf
2025-04-11 13:36:01,827 - INFO - 成功转换 /home/jay/AGSeg_ws/AGSeg/cad2osm/data/data_dwg/us-standard-download/residential_building_1.dwg，用时 0.85 秒
2025-04-11 13:36:01,827 - INFO - Progress: 84.4% (27/32)
2025-04-11 13:36:01,827 - INFO - Input absolute path: /home/jay/AGSeg_ws/AGSeg/cad2osm/data/data_dwg/us-standard-download/schema-ufficio-5.dwg
2025-04-11 13:36:01,827 - INFO - Output absolute path: /home/jay/AGSeg_ws/AGSeg/cad2osm/data/data_dxf/us-standard-download/schema-ufficio-5.dxf
2025-04-11 13:36:02,440 - INFO - 成功转换 /home/jay/AGSeg_ws/AGSeg/cad2osm/data/data_dwg/us-standard-download/schema-ufficio-5.dwg，用时 0.61 秒
2025-04-11 13:36:02,440 - INFO - Progress: 87.5% (28/32)
2025-04-11 13:36:02,440 - INFO - Input absolute path: /home/jay/AGSeg_ws/AGSeg/cad2osm/data/data_dwg/us-standard-download/schema-ufficio-6.dwg
2025-04-11 13:36:02,440 - INFO - Output absolute path: /home/jay/AGSeg_ws/AGSeg/cad2osm/data/data_dxf/us-standard-download/schema-ufficio-6.dxf
2025-04-11 13:36:03,105 - INFO - 成功转换 /home/jay/AGSeg_ws/AGSeg/cad2osm/data/data_dwg/us-standard-download/schema-ufficio-6.dwg，用时 0.67 秒
2025-04-11 13:36:03,105 - INFO - Progress: 90.6% (29/32)
2025-04-11 13:36:03,106 - INFO - Input absolute path: /home/jay/AGSeg_ws/AGSeg/cad2osm/data/data_dwg/us-standard-download/schema-ufficio-4.dwg
2025-04-11 13:36:03,106 - INFO - Output absolute path: /home/jay/AGSeg_ws/AGSeg/cad2osm/data/data_dxf/us-standard-download/schema-ufficio-4.dxf
2025-04-11 13:36:03,742 - INFO - 成功转换 /home/jay/AGSeg_ws/AGSeg/cad2osm/data/data_dwg/us-standard-download/schema-ufficio-4.dwg，用时 0.64 秒
2025-04-11 13:36:03,742 - INFO - Progress: 93.8% (30/32)
2025-04-11 13:36:03,742 - INFO - Input absolute path: /home/jay/AGSeg_ws/AGSeg/cad2osm/data/data_dwg/us-standard-download/historical_museum.dwg
2025-04-11 13:36:03,742 - INFO - Output absolute path: /home/jay/AGSeg_ws/AGSeg/cad2osm/data/data_dxf/us-standard-download/historical_museum.dxf
2025-04-11 13:36:04,363 - INFO - 成功转换 /home/jay/AGSeg_ws/AGSeg/cad2osm/data/data_dwg/us-standard-download/historical_museum.dwg，用时 0.62 秒
2025-04-11 13:36:04,363 - INFO - Progress: 96.9% (31/32)
2025-04-11 13:36:04,363 - INFO - Input absolute path: /home/jay/AGSeg_ws/AGSeg/cad2osm/data/data_dwg/us-standard-download/Centro-culturale-3.dwg
2025-04-11 13:36:04,363 - INFO - Output absolute path: /home/jay/AGSeg_ws/AGSeg/cad2osm/data/data_dxf/us-standard-download/Centro-culturale-3.dxf
2025-04-11 13:36:04,997 - INFO - 成功转换 /home/jay/AGSeg_ws/AGSeg/cad2osm/data/data_dwg/us-standard-download/Centro-culturale-3.dwg，用时 0.63 秒
2025-04-11 13:36:04,997 - INFO - Progress: 100.0% (32/32)
2025-04-11 13:36:04,997 - INFO - 
Conversion Summary:
2025-04-11 13:36:04,997 - INFO - Successfully converted: 32
2025-04-11 13:36:04,997 - INFO - Failed conversions: 0
2025-04-11 13:36:04,997 - INFO - Total files processed: 32
