2025-04-11 12:12:18,313 - INFO - ODA File Converter found at: /usr/bin/ODAFileConverter
2025-04-11 12:12:18,313 - INFO - Found 12 DWG files to process
2025-04-11 12:12:18,313 - INFO - Input absolute path: /home/jay/AGSeg_ws/AGSeg/cad2osm/data/data_dwg/web-us-standard/modular_housing.dwg
2025-04-11 12:12:18,313 - INFO - Output absolute path: /home/jay/AGSeg_ws/AGSeg/cad2osm/data/data_dxf/web-us-standard/modular_housing.dxf
2025-04-11 12:12:19,048 - INFO - 成功转换 /home/jay/AGSeg_ws/AGSeg/cad2osm/data/data_dwg/web-us-standard/modular_housing.dwg，用时 0.74 秒
2025-04-11 12:12:19,048 - INFO - Progress: 8.3% (1/12)
2025-04-11 12:12:19,048 - INFO - Input absolute path: /home/jay/AGSeg_ws/AGSeg/cad2osm/data/data_dwg/web-us-standard/apartment-building-plan.dwg
2025-04-11 12:12:19,048 - INFO - Output absolute path: /home/jay/AGSeg_ws/AGSeg/cad2osm/data/data_dxf/web-us-standard/apartment-building-plan.dxf
2025-04-11 12:12:19,657 - INFO - 成功转换 /home/jay/AGSeg_ws/AGSeg/cad2osm/data/data_dwg/web-us-standard/apartment-building-plan.dwg，用时 0.61 秒
2025-04-11 12:12:19,657 - INFO - Progress: 16.7% (2/12)
2025-04-11 12:12:19,657 - INFO - Input absolute path: /home/jay/AGSeg_ws/AGSeg/cad2osm/data/data_dwg/web-us-standard/gym-scheme-1.dwg
2025-04-11 12:12:19,657 - INFO - Output absolute path: /home/jay/AGSeg_ws/AGSeg/cad2osm/data/data_dxf/web-us-standard/gym-scheme-1.dxf
2025-04-11 12:12:20,712 - INFO - 成功转换 /home/jay/AGSeg_ws/AGSeg/cad2osm/data/data_dwg/web-us-standard/gym-scheme-1.dwg，用时 1.05 秒
2025-04-11 12:12:20,712 - INFO - Progress: 25.0% (3/12)
2025-04-11 12:12:20,712 - INFO - Input absolute path: /home/jay/AGSeg_ws/AGSeg/cad2osm/data/data_dwg/web-us-standard/hotel-ground-floor-plan.dwg
2025-04-11 12:12:20,712 - INFO - Output absolute path: /home/jay/AGSeg_ws/AGSeg/cad2osm/data/data_dxf/web-us-standard/hotel-ground-floor-plan.dxf
2025-04-11 12:12:23,706 - INFO - 成功转换 /home/jay/AGSeg_ws/AGSeg/cad2osm/data/data_dwg/web-us-standard/hotel-ground-floor-plan.dwg，用时 2.99 秒
2025-04-11 12:12:23,706 - INFO - Progress: 33.3% (4/12)
2025-04-11 12:12:23,706 - INFO - Input absolute path: /home/jay/AGSeg_ws/AGSeg/cad2osm/data/data_dwg/web-us-standard/fish_processing_plant.dwg
2025-04-11 12:12:23,706 - INFO - Output absolute path: /home/jay/AGSeg_ws/AGSeg/cad2osm/data/data_dxf/web-us-standard/fish_processing_plant.dxf
2025-04-11 12:12:29,132 - INFO - 成功转换 /home/jay/AGSeg_ws/AGSeg/cad2osm/data/data_dwg/web-us-standard/fish_processing_plant.dwg，用时 5.43 秒
2025-04-11 12:12:29,133 - INFO - Progress: 41.7% (5/12)
2025-04-11 12:12:29,133 - INFO - Input absolute path: /home/jay/AGSeg_ws/AGSeg/cad2osm/data/data_dwg/web-us-standard/apartment_1.dwg
2025-04-11 12:12:29,133 - INFO - Output absolute path: /home/jay/AGSeg_ws/AGSeg/cad2osm/data/data_dxf/web-us-standard/apartment_1.dxf
2025-04-11 12:12:30,037 - INFO - 成功转换 /home/jay/AGSeg_ws/AGSeg/cad2osm/data/data_dwg/web-us-standard/apartment_1.dwg，用时 0.90 秒
2025-04-11 12:12:30,037 - INFO - Progress: 50.0% (6/12)
2025-04-11 12:12:30,038 - INFO - Input absolute path: /home/jay/AGSeg_ws/AGSeg/cad2osm/data/data_dwg/web-us-standard/office.dwg
2025-04-11 12:12:30,038 - INFO - Output absolute path: /home/jay/AGSeg_ws/AGSeg/cad2osm/data/data_dxf/web-us-standard/office.dxf
2025-04-11 12:12:30,809 - INFO - 成功转换 /home/jay/AGSeg_ws/AGSeg/cad2osm/data/data_dwg/web-us-standard/office.dwg，用时 0.77 秒
2025-04-11 12:12:30,810 - INFO - Progress: 58.3% (7/12)
2025-04-11 12:12:30,810 - INFO - Input absolute path: /home/jay/AGSeg_ws/AGSeg/cad2osm/data/data_dwg/web-us-standard/hotel-second-floor.dwg
2025-04-11 12:12:30,810 - INFO - Output absolute path: /home/jay/AGSeg_ws/AGSeg/cad2osm/data/data_dxf/web-us-standard/hotel-second-floor.dxf
2025-04-11 12:12:32,188 - INFO - 成功转换 /home/jay/AGSeg_ws/AGSeg/cad2osm/data/data_dwg/web-us-standard/hotel-second-floor.dwg，用时 1.38 秒
2025-04-11 12:12:32,188 - INFO - Progress: 66.7% (8/12)
2025-04-11 12:12:32,188 - INFO - Input absolute path: /home/jay/AGSeg_ws/AGSeg/cad2osm/data/data_dwg/web-us-standard/monastery.dwg
2025-04-11 12:12:32,188 - INFO - Output absolute path: /home/jay/AGSeg_ws/AGSeg/cad2osm/data/data_dxf/web-us-standard/monastery.dxf
2025-04-11 12:12:33,444 - INFO - 成功转换 /home/jay/AGSeg_ws/AGSeg/cad2osm/data/data_dwg/web-us-standard/monastery.dwg，用时 1.26 秒
2025-04-11 12:12:33,444 - INFO - Progress: 75.0% (9/12)
2025-04-11 12:12:33,444 - INFO - Input absolute path: /home/jay/AGSeg_ws/AGSeg/cad2osm/data/data_dwg/web-us-standard/kindergarten-1.dwg
2025-04-11 12:12:33,444 - INFO - Output absolute path: /home/jay/AGSeg_ws/AGSeg/cad2osm/data/data_dxf/web-us-standard/kindergarten-1.dxf
2025-04-11 12:12:34,202 - INFO - 成功转换 /home/jay/AGSeg_ws/AGSeg/cad2osm/data/data_dwg/web-us-standard/kindergarten-1.dwg，用时 0.76 秒
2025-04-11 12:12:34,202 - INFO - Progress: 83.3% (10/12)
2025-04-11 12:12:34,202 - INFO - Input absolute path: /home/jay/AGSeg_ws/AGSeg/cad2osm/data/data_dwg/web-us-standard/residential_building_1.dwg
2025-04-11 12:12:34,202 - INFO - Output absolute path: /home/jay/AGSeg_ws/AGSeg/cad2osm/data/data_dxf/web-us-standard/residential_building_1.dxf
2025-04-11 12:12:35,080 - INFO - 成功转换 /home/jay/AGSeg_ws/AGSeg/cad2osm/data/data_dwg/web-us-standard/residential_building_1.dwg，用时 0.88 秒
2025-04-11 12:12:35,080 - INFO - Progress: 91.7% (11/12)
2025-04-11 12:12:35,081 - INFO - Input absolute path: /home/jay/AGSeg_ws/AGSeg/cad2osm/data/data_dwg/web-us-standard/historical_museum.dwg
2025-04-11 12:12:35,081 - INFO - Output absolute path: /home/jay/AGSeg_ws/AGSeg/cad2osm/data/data_dxf/web-us-standard/historical_museum.dxf
2025-04-11 12:12:35,723 - INFO - 成功转换 /home/jay/AGSeg_ws/AGSeg/cad2osm/data/data_dwg/web-us-standard/historical_museum.dwg，用时 0.64 秒
2025-04-11 12:12:35,723 - INFO - Progress: 100.0% (12/12)
2025-04-11 12:12:35,723 - INFO - 
Conversion Summary:
2025-04-11 12:12:35,723 - INFO - Successfully converted: 12
2025-04-11 12:12:35,723 - INFO - Failed conversions: 0
2025-04-11 12:12:35,723 - INFO - Total files processed: 12
